<?xml version="1.0" encoding="UTF-8"?>
<!-- Generated by org.testng.reporters.JUnitXMLReporter -->
<testsuite ignored="1" hostname="LAPTOP-KP029P4G" failures="1" tests="19" name="Default test" time="0.125" errors="0" timestamp="2021-10-27T09:41:19 IST">
  <testcase classname="com.TestNGDemo.Test2" name="test1" time="0.005"/>
  <testcase classname="com.TestNGDemo.Test2" name="test8" time="0.001"/>
  <testcase classname="com.TestNGDemo.Test2" name="testgroup" time="0.002"/>
  <testcase classname="com.TestNGDemo.Test2" name="testgroup1" time="0.002"/>
  <testcase classname="com.TestNGDemo.Test1" name="test1" time="0.003"/>
  <testcase classname="com.TestNGDemo.PriorityTest" name="method_D" time="0.001"/>
  <testcase classname="com.TestNGDemo.PriorityTest" name="method_B" time="0.005"/>
  <testcase classname="com.TestNGDemo.PriorityTest" name="method_E" time="0.002"/>
  <testcase classname="com.TestNGDemo.PriorityTest" name="method_F" time="0.002"/>
  <testcase classname="com.TestNGDemo.PriorityTest" name="method_A" time="0.001"/>
  <testcase classname="com.TestNGDemo.PriorityTest" name="method_C" time="0.002"/>
  <testcase classname="com.TestNGDemo.DataProviderDemo" name="username" time="0.001"/>
  <testcase classname="com.TestNGDemo.DataProviderDemo" name="username" time="0.003"/>
  <testcase classname="com.TestNGDemo.Test3" name="c_test3" time="0.001"/>
  <testcase classname="com.TestNGDemo.Test3" name="d_test6" time="0.001"/>
  <testcase classname="com.TestNGDemo.Test3" name="a_test1" time="0.001"/>
  <testcase classname="com.TestNGDemo.Test3" name="e_test7" time="0.002"/>
  <testcase classname="com.TestNGDemo.Test3" name="f_test8" time="0.001"/>
  <testcase classname="com.TestNGDemo.ParaMPassingDemo" name="loginTest" time="0.0">
    <failure type="org.testng.TestNGException" message="
Parameter &amp;apos;Username&amp;apos; is required by @Test on method loginTest but has not been marked @Optional or defined
in C:\Users\swati\AppData\Local\Temp\testng-eclipse--1040941233\testng-customsuite.xml">
      <![CDATA[org.testng.TestNGException: 
Parameter 'Username' is required by @Test on method loginTest but has not been marked @Optional or defined
in C:\Users\swati\AppData\Local\Temp\testng-eclipse--1040941233\testng-customsuite.xml
at org.testng.internal.Parameters.createParams(Parameters.java:270)
at org.testng.internal.Parameters.createParametersForMethod(Parameters.java:358)
at org.testng.internal.Parameters.createParameters(Parameters.java:700)
at org.testng.internal.Parameters.handleParameters(Parameters.java:884)
at org.testng.internal.Parameters.handleParameters(Parameters.java:740)
at org.testng.internal.ParameterHandler.handleParameters(ParameterHandler.java:59)
at org.testng.internal.ParameterHandler.createParameters(ParameterHandler.java:38)
at org.testng.internal.TestInvoker$MethodInvocationAgent.invoke(TestInvoker.java:791)
at org.testng.internal.TestInvoker.invokeTestMethods(TestInvoker.java:146)
at org.testng.internal.TestMethodWorker.invokeTestMethods(TestMethodWorker.java:146)
at org.testng.internal.TestMethodWorker.run(TestMethodWorker.java:128)
at java.base/java.util.ArrayList.forEach(ArrayList.java:1511)
at org.testng.TestRunner.privateRun(TestRunner.java:794)
at org.testng.TestRunner.run(TestRunner.java:596)
at org.testng.SuiteRunner.runTest(SuiteRunner.java:377)
at org.testng.SuiteRunner.runSequentially(SuiteRunner.java:371)
at org.testng.SuiteRunner.privateRun(SuiteRunner.java:332)
at org.testng.SuiteRunner.run(SuiteRunner.java:276)
at org.testng.SuiteRunnerWorker.runSuite(SuiteRunnerWorker.java:53)
at org.testng.SuiteRunnerWorker.run(SuiteRunnerWorker.java:96)
at org.testng.TestNG.runSuitesSequentially(TestNG.java:1212)
at org.testng.TestNG.runSuitesLocally(TestNG.java:1134)
at org.testng.TestNG.runSuites(TestNG.java:1063)
at org.testng.TestNG.run(TestNG.java:1031)
at org.testng.remote.AbstractRemoteTestNG.run(AbstractRemoteTestNG.java:115)
at org.testng.remote.RemoteTestNG.initAndRun(RemoteTestNG.java:251)
at org.testng.remote.RemoteTestNG.main(RemoteTestNG.java:77)
]]>
    </failure>
  </testcase> <!-- loginTest -->
  <testcase classname="com.TestNGDemo.Test3" name="b_test2" time="0.0">
    <ignored/>
  </testcase> <!-- b_test2 -->
</testsuite> <!-- Default test -->
